<?xml version="1.0" encoding="UTF-8"?>
<!-- Generated by org.testng.reporters.JUnitReportReporter -->
<testsuite hostname="MSI" failures="0" tests="1" name="Drivers_D.Drivers_dd" time="7.946" errors="0" timestamp="21 Apr 2022 05:01:05 GMT" skipped="0">
  <testcase classname="Drivers_D.Drivers_dd" name="FireFox_test1" time="7.946"/>
</testsuite> <!-- Drivers_D.Drivers_dd -->
