<?xml version="1.0" encoding="UTF-8"?>
<!-- Generated by org.testng.reporters.JUnitReportReporter -->
<testsuite hostname="MSI" failures="0" tests="2" name="Tests_cases.Test_1" time="0.063" errors="0" timestamp="26 Apr 2022 05:18:18 GMT" skipped="0">
  <testcase classname="Tests_cases.Test_1" name="login" time="0.006"/>
  <testcase classname="Tests_cases.Test_1" name="Logo_show" time="0.057"/>
</testsuite> <!-- Tests_cases.Test_1 -->
