<?xml version="1.0" encoding="UTF-8"?>
<!-- Generated by org.testng.reporters.JUnitReportReporter -->
<testsuite hostname="MSI" failures="0" tests="1" name="Connect_sql" time="0.231" errors="0" timestamp="13 Apr 2022 05:45:15 GMT" skipped="0">
  <testcase classname="Connect_sql" name="testDB" time="0.231"/>
</testsuite> <!-- Connect_sql -->
