<?xml version="1.0" encoding="UTF-8"?>
<!-- Generated by org.testng.reporters.JUnitReportReporter -->
<testsuite hostname="MSI" failures="0" tests="2" name="Extent_reports_1" time="23.217" errors="0" timestamp="20 Apr 2022 10:12:11 GMT" skipped="0">
  <testcase classname="Extent_reports_1" name="picture" time="5.581"/>
  <testcase classname="Extent_reports_1" name="login" time="17.636"/>
</testsuite> <!-- Extent_reports_1 -->
