<?xml version="1.0" encoding="UTF-8"?>
<!-- Generated by org.testng.reporters.JUnitReportReporter -->
<testsuite hostname="MSI" failures="0" tests="1" name="Test1" time="7.943" errors="0" timestamp="20 Apr 2022 09:17:07 GMT" skipped="0">
  <testcase classname="Test1" name="sign_up" time="7.943"/>
</testsuite> <!-- Test1 -->
