<?xml version="1.0" encoding="UTF-8"?>
<!-- Generated by org.testng.reporters.JUnitReportReporter -->
<testsuite hostname="MSI" failures="0" tests="2" name="L_tests" time="0.077" errors="0" timestamp="20 Apr 2022 11:39:00 GMT" skipped="0">
  <testcase classname="L_tests" name="Logo_show" time="0.069"/>
  <testcase classname="L_tests" name="login" time="0.008"/>
</testsuite> <!-- L_tests -->
