<?xml version="1.0" encoding="UTF-8"?>
<!-- Generated by org.testng.reporters.JUnitReportReporter -->
<testsuite hostname="MSI" failures="0" tests="1" name="FireFox_tests" time="6.599" errors="0" timestamp="20 Apr 2022 11:32:13 GMT" skipped="0">
  <testcase classname="FireFox_tests" name="FireFox_test1" time="6.599"/>
</testsuite> <!-- FireFox_tests -->
