<?xml version="1.0" encoding="UTF-8"?>
<!-- Generated by org.testng.reporters.JUnitReportReporter -->
<testsuite hostname="MSI" failures="0" tests="2" name="driver" time="10.908" errors="0" timestamp="14 Apr 2022 06:55:48 GMT" skipped="0">
  <testcase classname="driver" name="login" time="5.637"/>
  <testcase classname="driver" name="driver" time="5.271"/>
</testsuite> <!-- driver -->
