<?xml version="1.0" encoding="UTF-8"?>
<!-- Generated by org.testng.reporters.JUnitReportReporter -->
<testsuite hostname="MSI" failures="0" tests="1" name="JDBC_test" time="0.282" errors="0" timestamp="13 Apr 2022 05:43:59 GMT" skipped="0">
  <testcase classname="JDBC_test" name="test" time="0.282"/>
</testsuite> <!-- JDBC_test -->
